Performing C SOURCE FILE Test HAVE_STRUCT_STAT_ST_MTIM failed with the following output:
Change Dir: /Users/kouyamaakira/projects/Protoq_for_test/vendor/bundle/gems/rugged-0.28.3.1/vendor/libgit2/build/CMakeFiles/CMakeTmp

Run Build Command(s):/usr/bin/make cmTC_d28fa/fast && /Library/Developer/CommandLineTools/usr/bin/make -f CMakeFiles/cmTC_d28fa.dir/build.make CMakeFiles/cmTC_d28fa.dir/build
Building C object CMakeFiles/cmTC_d28fa.dir/src.c.o
/Library/Developer/CommandLineTools/usr/bin/cc   -fPIC -DHAVE_STRUCT_STAT_ST_MTIM -isysroot /Library/Developer/CommandLineTools/SDKs/MacOSX10.14.sdk   -o CMakeFiles/cmTC_d28fa.dir/src.c.o   -c /Users/kouyamaakira/projects/Protoq_for_test/vendor/bundle/gems/rugged-0.28.3.1/vendor/libgit2/build/CMakeFiles/CMakeTmp/src.c
/Users/kouyamaakira/projects/Protoq_for_test/vendor/bundle/gems/rugged-0.28.3.1/vendor/libgit2/build/CMakeFiles/CMakeTmp/src.c:7:36: error: no member named 'st_mtim' in 'struct stat'
  (void)sizeof(((struct stat *)0)->st_mtim);
               ~~~~~~~~~~~~~~~~~~  ^
1 error generated.
make[1]: *** [CMakeFiles/cmTC_d28fa.dir/src.c.o] Error 1
make: *** [cmTC_d28fa/fast] Error 2


Source file was:

#include <sys/types.h>
#include <sys/stat.h>

int main()
{
  (void)sizeof(((struct stat *)0)->st_mtim);
  return 0;
}

Performing C SOURCE FILE Test HAVE_STRUCT_STAT_MTIME_NSEC failed with the following output:
Change Dir: /Users/kouyamaakira/projects/Protoq_for_test/vendor/bundle/gems/rugged-0.28.3.1/vendor/libgit2/build/CMakeFiles/CMakeTmp

Run Build Command(s):/usr/bin/make cmTC_a0661/fast && /Library/Developer/CommandLineTools/usr/bin/make -f CMakeFiles/cmTC_a0661.dir/build.make CMakeFiles/cmTC_a0661.dir/build
Building C object CMakeFiles/cmTC_a0661.dir/src.c.o
/Library/Developer/CommandLineTools/usr/bin/cc   -fPIC -DHAVE_STRUCT_STAT_MTIME_NSEC -isysroot /Library/Developer/CommandLineTools/SDKs/MacOSX10.14.sdk   -o CMakeFiles/cmTC_a0661.dir/src.c.o   -c /Users/kouyamaakira/projects/Protoq_for_test/vendor/bundle/gems/rugged-0.28.3.1/vendor/libgit2/build/CMakeFiles/CMakeTmp/src.c
/Users/kouyamaakira/projects/Protoq_for_test/vendor/bundle/gems/rugged-0.28.3.1/vendor/libgit2/build/CMakeFiles/CMakeTmp/src.c:6:36: error: no member named 'st_mtime_nsec' in 'struct stat'; did you mean 'st_mtimespec'?
  (void)sizeof(((struct stat *)0)->st_mtime_nsec);
                                   ^~~~~~~~~~~~~
                                   st_mtimespec
/Library/Developer/CommandLineTools/SDKs/MacOSX10.14.sdk/usr/include/sys/stat.h:182:13: note: 'st_mtimespec' declared here
struct stat __DARWIN_STRUCT_STAT64;
            ^
/Library/Developer/CommandLineTools/SDKs/MacOSX10.14.sdk/usr/include/sys/stat.h:166:2: note: expanded from macro '__DARWIN_STRUCT_STAT64'
        __DARWIN_STRUCT_STAT64_TIMES \
        ^
/Library/Developer/CommandLineTools/SDKs/MacOSX10.14.sdk/usr/include/sys/stat.h:130:18: note: expanded from macro '__DARWIN_STRUCT_STAT64_TIMES'
        struct timespec st_mtimespec;           /* time of last data modification */ \
                        ^
1 error generated.
make[1]: *** [CMakeFiles/cmTC_a0661.dir/src.c.o] Error 1
make: *** [cmTC_a0661/fast] Error 2


Source file was:

#include <sys/stat.h>

int main()
{
  (void)sizeof(((struct stat *)0)->st_mtime_nsec);
  return 0;
}

Determining if the prototype qsort_r exists for HAVE_QSORT_R_GNU failed with the following output:
Change Dir: /Users/kouyamaakira/projects/Protoq_for_test/vendor/bundle/gems/rugged-0.28.3.1/vendor/libgit2/build/CMakeFiles/CMakeTmp

Run Build Command(s):/usr/bin/make cmTC_4e771/fast && /Library/Developer/CommandLineTools/usr/bin/make -f CMakeFiles/cmTC_4e771.dir/build.make CMakeFiles/cmTC_4e771.dir/build
Building C object CMakeFiles/cmTC_4e771.dir/CheckPrototypeDefinition.c.o
/Library/Developer/CommandLineTools/usr/bin/cc   -D_GNU_SOURCE -fPIC -Wall -Wextra -Wdocumentation -Wno-missing-field-initializers -Wstrict-aliasing -Wstrict-prototypes -Wdeclaration-after-statement -Wshift-count-overflow -Wunused-const-variable -Wunused-function -Wformat -Wformat-security -Wint-conversion -Wno-documentation-deprecated-sync  -isysroot /Library/Developer/CommandLineTools/SDKs/MacOSX10.14.sdk   -o CMakeFiles/cmTC_4e771.dir/CheckPrototypeDefinition.c.o   -c /Users/kouyamaakira/projects/Protoq_for_test/vendor/bundle/gems/rugged-0.28.3.1/vendor/libgit2/build/CMakeFiles/CMakeTmp/CheckPrototypeDefinition.c
/Users/kouyamaakira/projects/Protoq_for_test/vendor/bundle/gems/rugged-0.28.3.1/vendor/libgit2/build/CMakeFiles/CMakeTmp/CheckPrototypeDefinition.c:14:6: error: conflicting types for 'qsort_r'
void qsort_r(void *base, size_t nmemb, size_t size, int (*compar)(const void *, const void *, void *), void *arg) {
     ^
/Library/Developer/CommandLineTools/SDKs/MacOSX10.14.sdk/usr/include/stdlib.h:325:7: note: previous declaration is here
void     qsort_r(void *__base, size_t __nel, size_t __width, void *,
         ^
1 error generated.
make[1]: *** [CMakeFiles/cmTC_4e771.dir/CheckPrototypeDefinition.c.o] Error 1
make: *** [cmTC_4e771/fast] Error 2



#include <stdlib.h>


static void cmakeRequireSymbol(int dummy, ...) {
  (void) dummy;
}

static void checkSymbol(void) {
#ifndef qsort_r
  cmakeRequireSymbol(0, &qsort_r);
#endif
}

void qsort_r(void *base, size_t nmemb, size_t size, int (*compar)(const void *, const void *, void *), void *arg) {
  return ;
}

#ifdef __CLASSIC_C__
int main() {
  int ac;
  char*av[];
#else
int main(int ac, char *av[]) {
#endif
  checkSymbol();
  if (ac > 1000) {
    return *av[0];
  }
  return 0;
}


Determining if the function qsort_s exists failed with the following output:
Change Dir: /Users/kouyamaakira/projects/Protoq_for_test/vendor/bundle/gems/rugged-0.28.3.1/vendor/libgit2/build/CMakeFiles/CMakeTmp

Run Build Command(s):/usr/bin/make cmTC_b0a1d/fast && /Library/Developer/CommandLineTools/usr/bin/make -f CMakeFiles/cmTC_b0a1d.dir/build.make CMakeFiles/cmTC_b0a1d.dir/build
Building C object CMakeFiles/cmTC_b0a1d.dir/CheckFunctionExists.c.o
/Library/Developer/CommandLineTools/usr/bin/cc   -D_GNU_SOURCE -fPIC -Wall -Wextra -Wdocumentation -Wno-missing-field-initializers -Wstrict-aliasing -Wstrict-prototypes -Wdeclaration-after-statement -Wshift-count-overflow -Wunused-const-variable -Wunused-function -Wformat -Wformat-security -Wint-conversion -Wno-documentation-deprecated-sync -DCHECK_FUNCTION_EXISTS=qsort_s -isysroot /Library/Developer/CommandLineTools/SDKs/MacOSX10.14.sdk   -o CMakeFiles/cmTC_b0a1d.dir/CheckFunctionExists.c.o   -c /usr/local/Cellar/cmake/3.15.2/share/cmake/Modules/CheckFunctionExists.c
Linking C executable cmTC_b0a1d
/usr/local/Cellar/cmake/3.15.2/bin/cmake -E cmake_link_script CMakeFiles/cmTC_b0a1d.dir/link.txt --verbose=1
/Library/Developer/CommandLineTools/usr/bin/cc -D_GNU_SOURCE -fPIC -Wall -Wextra -Wdocumentation -Wno-missing-field-initializers -Wstrict-aliasing -Wstrict-prototypes -Wdeclaration-after-statement -Wshift-count-overflow -Wunused-const-variable -Wunused-function -Wformat -Wformat-security -Wint-conversion -Wno-documentation-deprecated-sync -DCHECK_FUNCTION_EXISTS=qsort_s -isysroot /Library/Developer/CommandLineTools/SDKs/MacOSX10.14.sdk -Wl,-search_paths_first -Wl,-headerpad_max_install_names   CMakeFiles/cmTC_b0a1d.dir/CheckFunctionExists.c.o  -o cmTC_b0a1d 
Undefined symbols for architecture x86_64:
  "_qsort_s", referenced from:
      _main in CheckFunctionExists.c.o
ld: symbol(s) not found for architecture x86_64
clang: error: linker command failed with exit code 1 (use -v to see invocation)
make[1]: *** [cmTC_b0a1d] Error 1
make: *** [cmTC_b0a1d/fast] Error 2



Determining if the function clock_gettime exists in the rt failed with the following output:
Change Dir: /Users/kouyamaakira/projects/Protoq_for_test/vendor/bundle/gems/rugged-0.28.3.1/vendor/libgit2/build/CMakeFiles/CMakeTmp

Run Build Command(s):/usr/bin/make cmTC_c26be/fast && /Library/Developer/CommandLineTools/usr/bin/make -f CMakeFiles/cmTC_c26be.dir/build.make CMakeFiles/cmTC_c26be.dir/build
Building C object CMakeFiles/cmTC_c26be.dir/CheckFunctionExists.c.o
/Library/Developer/CommandLineTools/usr/bin/cc   -D_GNU_SOURCE -fPIC -Wall -Wextra -Wdocumentation -Wno-missing-field-initializers -Wstrict-aliasing -Wstrict-prototypes -Wdeclaration-after-statement -Wshift-count-overflow -Wunused-const-variable -Wunused-function -Wformat -Wformat-security -Wint-conversion -Wno-documentation-deprecated-sync -DCHECK_FUNCTION_EXISTS=clock_gettime -isysroot /Library/Developer/CommandLineTools/SDKs/MacOSX10.14.sdk   -o CMakeFiles/cmTC_c26be.dir/CheckFunctionExists.c.o   -c /usr/local/Cellar/cmake/3.15.2/share/cmake/Modules/CheckFunctionExists.c
Linking C executable cmTC_c26be
/usr/local/Cellar/cmake/3.15.2/bin/cmake -E cmake_link_script CMakeFiles/cmTC_c26be.dir/link.txt --verbose=1
/Library/Developer/CommandLineTools/usr/bin/cc -D_GNU_SOURCE -fPIC -Wall -Wextra -Wdocumentation -Wno-missing-field-initializers -Wstrict-aliasing -Wstrict-prototypes -Wdeclaration-after-statement -Wshift-count-overflow -Wunused-const-variable -Wunused-function -Wformat -Wformat-security -Wint-conversion -Wno-documentation-deprecated-sync -DCHECK_FUNCTION_EXISTS=clock_gettime -isysroot /Library/Developer/CommandLineTools/SDKs/MacOSX10.14.sdk -Wl,-search_paths_first -Wl,-headerpad_max_install_names   CMakeFiles/cmTC_c26be.dir/CheckFunctionExists.c.o  -o cmTC_c26be  -L/Users/kouyamaakira/projects/Protoq_for_test/vendor/bundle/gems/rugged-0.28.3.1/vendor/libgit2/build/CMakeFiles/CMakeTmp/time.h -Wl,-rpath,/Users/kouyamaakira/projects/Protoq_for_test/vendor/bundle/gems/rugged-0.28.3.1/vendor/libgit2/build/CMakeFiles/CMakeTmp/time.h -lrt 
ld: warning: directory not found for option '-L/Users/kouyamaakira/projects/Protoq_for_test/vendor/bundle/gems/rugged-0.28.3.1/vendor/libgit2/build/CMakeFiles/CMakeTmp/time.h'
ld: library not found for -lrt
clang: error: linker command failed with exit code 1 (use -v to see invocation)
make[1]: *** [cmTC_c26be] Error 1
make: *** [cmTC_c26be/fast] Error 2



Performing C SOURCE FILE Test IS_WIMPLICIT_FALLTHROUGH_1_SUPPORTED failed with the following output:
Change Dir: /Users/kouyamaakira/projects/Protoq_for_test/vendor/bundle/gems/rugged-0.28.3.1/vendor/libgit2/build/CMakeFiles/CMakeTmp

Run Build Command(s):/usr/bin/make cmTC_2ffbc/fast && /Library/Developer/CommandLineTools/usr/bin/make -f CMakeFiles/cmTC_2ffbc.dir/build.make CMakeFiles/cmTC_2ffbc.dir/build
Building C object CMakeFiles/cmTC_2ffbc.dir/src.c.o
/Library/Developer/CommandLineTools/usr/bin/cc   -D_GNU_SOURCE -fPIC -Wall -Wextra -Wdocumentation -Wno-missing-field-initializers -Wstrict-aliasing -Wstrict-prototypes -Wdeclaration-after-statement -Wshift-count-overflow -Wunused-const-variable -Wunused-function -Wformat -Wformat-security -Wint-conversion -Wno-documentation-deprecated-sync -DIS_WIMPLICIT_FALLTHROUGH_1_SUPPORTED -isysroot /Library/Developer/CommandLineTools/SDKs/MacOSX10.14.sdk   -Wimplicit-fallthrough=1 -o CMakeFiles/cmTC_2ffbc.dir/src.c.o   -c /Users/kouyamaakira/projects/Protoq_for_test/vendor/bundle/gems/rugged-0.28.3.1/vendor/libgit2/build/CMakeFiles/CMakeTmp/src.c
warning: unknown warning option '-Wimplicit-fallthrough=1'; did you mean '-Wimplicit-fallthrough'? [-Wunknown-warning-option]
1 warning generated.
Linking C executable cmTC_2ffbc
/usr/local/Cellar/cmake/3.15.2/bin/cmake -E cmake_link_script CMakeFiles/cmTC_2ffbc.dir/link.txt --verbose=1
/Library/Developer/CommandLineTools/usr/bin/cc -D_GNU_SOURCE -fPIC -Wall -Wextra -Wdocumentation -Wno-missing-field-initializers -Wstrict-aliasing -Wstrict-prototypes -Wdeclaration-after-statement -Wshift-count-overflow -Wunused-const-variable -Wunused-function -Wformat -Wformat-security -Wint-conversion -Wno-documentation-deprecated-sync -DIS_WIMPLICIT_FALLTHROUGH_1_SUPPORTED -isysroot /Library/Developer/CommandLineTools/SDKs/MacOSX10.14.sdk -Wl,-search_paths_first -Wl,-headerpad_max_install_names   CMakeFiles/cmTC_2ffbc.dir/src.c.o  -o cmTC_2ffbc 


Source file was:
int main(void) { return 0; }
Determining if the function iconv_open exists failed with the following output:
Change Dir: /Users/kouyamaakira/projects/Protoq_for_test/vendor/bundle/gems/rugged-0.28.3.1/vendor/libgit2/build/CMakeFiles/CMakeTmp

Run Build Command(s):/usr/bin/make cmTC_3abe3/fast && /Library/Developer/CommandLineTools/usr/bin/make -f CMakeFiles/cmTC_3abe3.dir/build.make CMakeFiles/cmTC_3abe3.dir/build
Building C object CMakeFiles/cmTC_3abe3.dir/CheckFunctionExists.c.o
/Library/Developer/CommandLineTools/usr/bin/cc   -D_GNU_SOURCE -fPIC -Wall -Wextra -Wdocumentation -Wno-missing-field-initializers -Wstrict-aliasing -Wstrict-prototypes -Wdeclaration-after-statement -Wshift-count-overflow -Wunused-const-variable -Wunused-function -Wformat -Wformat-security -Wint-conversion -Wno-documentation-deprecated-sync -DCHECK_FUNCTION_EXISTS=iconv_open -isysroot /Library/Developer/CommandLineTools/SDKs/MacOSX10.14.sdk   -o CMakeFiles/cmTC_3abe3.dir/CheckFunctionExists.c.o   -c /usr/local/Cellar/cmake/3.15.2/share/cmake/Modules/CheckFunctionExists.c
Linking C executable cmTC_3abe3
/usr/local/Cellar/cmake/3.15.2/bin/cmake -E cmake_link_script CMakeFiles/cmTC_3abe3.dir/link.txt --verbose=1
/Library/Developer/CommandLineTools/usr/bin/cc -D_GNU_SOURCE -fPIC -Wall -Wextra -Wdocumentation -Wno-missing-field-initializers -Wstrict-aliasing -Wstrict-prototypes -Wdeclaration-after-statement -Wshift-count-overflow -Wunused-const-variable -Wunused-function -Wformat -Wformat-security -Wint-conversion -Wno-documentation-deprecated-sync -DCHECK_FUNCTION_EXISTS=iconv_open -isysroot /Library/Developer/CommandLineTools/SDKs/MacOSX10.14.sdk -Wl,-search_paths_first -Wl,-headerpad_max_install_names   CMakeFiles/cmTC_3abe3.dir/CheckFunctionExists.c.o  -o cmTC_3abe3 
Undefined symbols for architecture x86_64:
  "_iconv_open", referenced from:
      _main in CheckFunctionExists.c.o
ld: symbol(s) not found for architecture x86_64
clang: error: linker command failed with exit code 1 (use -v to see invocation)
make[1]: *** [cmTC_3abe3] Error 1
make: *** [cmTC_3abe3/fast] Error 2



